<?xml version="1.0" encoding="UTF-8"?>
<!-- Generated by org.testng.reporters.JUnitReportReporter -->
<testsuite skipped="0" hostname="XTV-BMURUGANK" name="com.suite1.ClearTrip.Init" tests="1" failures="0" timestamp="2020-12-29T16:14:16 IST" time="10.816" errors="0">
  <testcase name="init" time="10.816" classname="com.suite1.ClearTrip.Init"/>
  <system-out/>
</testsuite> <!-- com.suite1.ClearTrip.Init -->
