<?xml version="1.0" encoding="UTF-8"?>
<!-- Generated by org.testng.reporters.JUnitReportReporter -->
<testsuite skipped="0" hostname="XTV-BMURUGANK" name="com.suite1.TC_001_Login" tests="1" failures="0" timestamp="2021-01-07T12:14:16 IST" time="10.671" errors="1">
  <testcase name="Initalization" time="10.671" classname="com.suite1.TC_001_Login">
    <error type="java.io.IOException" message="Destination &#039;D:\&#039; directory cannot be created">
      <![CDATA[java.io.IOException: Destination 'D:\' directory cannot be created
at org.apache.commons.io.FileUtils.copyFile(FileUtils.java:879)
at org.apache.commons.io.FileUtils.copyFile(FileUtils.java:835)
at org.apache.commons.io.FileUtils.copyFile(FileUtils.java:802)
at com.suite1.Init.Initalization(Init.java:84)
at sun.reflect.NativeMethodAccessorImpl.invoke0(Native Method)
at sun.reflect.NativeMethodAccessorImpl.invoke(Unknown Source)
at sun.reflect.DelegatingMethodAccessorImpl.invoke(Unknown Source)
at java.lang.reflect.Method.invoke(Unknown Source)
at org.testng.internal.MethodInvocationHelper.invokeMethod(MethodInvocationHelper.java:132)
at org.testng.internal.MethodInvocationHelper.invokeMethodConsideringTimeout(MethodInvocationHelper.java:61)
at org.testng.internal.ConfigInvoker.invokeConfigurationMethod(ConfigInvoker.java:366)
at org.testng.internal.ConfigInvoker.invokeConfigurations(ConfigInvoker.java:320)
at org.testng.TestRunner.invokeTestConfigurations(TestRunner.java:617)
at org.testng.TestRunner.beforeRun(TestRunner.java:607)
at org.testng.TestRunner.run(TestRunner.java:578)
at org.testng.SuiteRunner.runTest(SuiteRunner.java:384)
at org.testng.SuiteRunner.access$000(SuiteRunner.java:28)
at org.testng.SuiteRunner$SuiteWorker.run(SuiteRunner.java:425)
at org.testng.internal.thread.ThreadUtil.lambda$execute$0(ThreadUtil.java:66)
at org.testng.internal.thread.ThreadUtil$$Lambda$42/2011986105.call(Unknown Source)
at java.util.concurrent.FutureTask.run(Unknown Source)
at java.util.concurrent.ThreadPoolExecutor.runWorker(Unknown Source)
at java.util.concurrent.ThreadPoolExecutor$Worker.run(Unknown Source)
at java.lang.Thread.run(Unknown Source)
]]>
    </error>
  </testcase> <!-- Initalization -->
  <system-out/>
</testsuite> <!-- com.suite1.TC_001_Login -->
