<?xml version="1.0" encoding="UTF-8"?>
<!-- Generated by org.testng.reporters.JUnitReportReporter -->
<testsuite skipped="0" hostname="XTV-BMURUGANK" name="com.suite1.FirstTestNGFile" tests="3" failures="0" timestamp="2020-12-29T12:36:13 IST" time="59.200" errors="0">
  <testcase name="login" time="7.100" classname="com.suite1.FirstTestNGFile"/>
  <system-out/>
  <testcase name="trip" time="4.818" classname="com.suite1.FirstTestNGFile"/>
  <system-out/>
  <testcase name="trip_book" time="47.282" classname="com.suite1.FirstTestNGFile"/>
  <system-out/>
</testsuite> <!-- com.suite1.FirstTestNGFile -->
