<?xml version="1.0" encoding="UTF-8"?>
<!-- Generated by org.testng.reporters.JUnitReportReporter -->
<testsuite skipped="1" hostname="XTV-BMURUGANK" name="com.suite1.ExtentReport" tests="4" failures="0" timestamp="2021-01-08T17:37:33 IST" time="10.080" errors="0">
  <testcase name="TC_001_Login" time="0.020" classname="com.suite1.ExtentReport"/>
  <system-out/>
  <testcase name="TC_003_TripBook" time="0.009" classname="com.suite1.ExtentReport"/>
  <system-out/>
  <testcase name="TC_002_Trip" time="10.047" classname="com.suite1.ExtentReport"/>
  <system-out/>
  <testcase name="TC_004_AddPassengerDetails" time="0.004" classname="com.suite1.ExtentReport">
    <skipped/>
  </testcase> <!-- TC_004_AddPassengerDetails -->
  <system-out/>
</testsuite> <!-- com.suite1.ExtentReport -->
