<?xml version="1.0" encoding="UTF-8"?>
<!-- Generated by org.testng.reporters.JUnitReportReporter -->
<testsuite skipped="0" hostname="XTV-BMURUGANK" name="testng.excelsheet" tests="1" failures="0" timestamp="2021-01-05T15:33:25 IST" time="10.124" errors="0">
  <testcase name="excel" time="10.124" classname="testng.excelsheet"/>
  <system-out/>
</testsuite> <!-- testng.excelsheet -->
