<?xml version="1.0" encoding="UTF-8"?>
<!-- Generated by org.testng.reporters.JUnitReportReporter -->
<testsuite skipped="0" hostname="XTV-BMURUGANK" name="com.suite1.TC_003_TripBook" tests="1" failures="0" timestamp="2021-01-08T17:25:11 IST" time="27.413" errors="0">
  <testcase name="trip_book" time="27.413" classname="com.suite1.TC_003_TripBook"/>
  <system-out/>
</testsuite> <!-- com.suite1.TC_003_TripBook -->
