<?xml version="1.0" encoding="UTF-8"?>
<!-- Generated by org.testng.reporters.JUnitReportReporter -->
<testsuite skipped="0" hostname="XTV-BMURUGANK" name="com.suite1.TC_002_Trip" tests="1" failures="0" timestamp="2021-01-08T17:25:11 IST" time="7.142" errors="0">
  <testcase name="Trip" time="7.142" classname="com.suite1.TC_002_Trip"/>
  <system-out/>
</testsuite> <!-- com.suite1.TC_002_Trip -->
