<?xml version="1.0" encoding="UTF-8"?>
<!-- Generated by org.testng.reporters.JUnitReportReporter -->
<testsuite skipped="0" hostname="XTV-BMURUGANK" name="com.suite1.Init" tests="1" failures="0" timestamp="2020-12-29T18:55:28 IST" time="11.207" errors="0">
  <testcase name="init" time="11.207" classname="com.suite1.Init"/>
  <system-out/>
</testsuite> <!-- com.suite1.Init -->
